[0719/083252.750:ERROR:process_reader_win.cc(182)] ResumeThread: The parameter is incorrect. (0x57)
[0719/083252.750:ERROR:process_reader_win.cc(151)] SuspendThread: Access is denied. (0x5)
[0719/083252.750:ERROR:process_reader_win.cc(151)] SuspendThread: Access is denied. (0x5)
[0719/083252.750:ERROR:process_reader_win.cc(123)] NtOpenThread: An invalid Client ID was specified. (0xc000000b)
[0719/083252.796:ERROR:process_reader_win.cc(151)] SuspendThread: Access is denied. (0x5)
[0719/083252.796:ERROR:process_reader_win.cc(151)] SuspendThread: Access is denied. (0x5)
[0719/083252.796:ERROR:process_reader_win.cc(151)] SuspendThread: Access is denied. (0x5)
[0719/083252.796:ERROR:process_reader_win.cc(151)] SuspendThread: Access is denied. (0x5)
[0719/083252.890:ERROR:process_memory_win.cc(73)] ReadMemory at 0x13f050000 of 64 bytes failed: Only part of a ReadProcessMemory or WriteProcessMemory request was completed. (0x12B)
[0719/083252.890:WARNING:pe_image_reader.cc(340)] could not read dos header from C:\Program Files (x86)\Google\Chrome\Application\chrome.exe
[0719/083252.890:ERROR:process_memory_win.cc(73)] ReadMemory at 0x774d0000 of 64 bytes failed: Only part of a ReadProcessMemory or WriteProcessMemory request was completed. (0x12B)
[0719/083252.890:WARNING:pe_image_reader.cc(340)] could not read dos header from C:\Windows\SYSTEM32\ntdll.dll
[0719/083252.890:ERROR:process_memory_win.cc(73)] ReadMemory at 0x773b0000 of 64 bytes failed: Only part of a ReadProcessMemory or WriteProcessMemory request was completed. (0x12B)
[0719/083252.890:WARNING:pe_image_reader.cc(340)] could not read dos header from C:\Windows\system32\kernel32.dll
[0719/083252.890:ERROR:process_memory_win.cc(73)] ReadMemory at 0x7fefd540000 of 64 bytes failed: Only part of a ReadProcessMemory or WriteProcessMemory request was completed. (0x12B)
[0719/083252.890:WARNING:pe_image_reader.cc(340)] could not read dos header from C:\Windows\system32\KERNELBASE.dll
[0719/083252.890:ERROR:process_memory_win.cc(73)] ReadMemory at 0x7fef2070000 of 64 bytes failed: Only part of a ReadProcessMemory or WriteProcessMemory request was completed. (0x12B)
[0719/083252.890:WARNING:pe_image_reader.cc(340)] could not read dos header from C:\Program Files (x86)\Google\Chrome\Application\73.0.3683.103\chrome_elf.dll
[0719/083252.890:ERROR:process_memory_win.cc(73)] ReadMemory at 0x7fefc530000 of 64 bytes failed: Only part of a ReadProcessMemory or WriteProcessMemory request was completed. (0x12B)
[0719/083252.890:WARNING:pe_image_reader.cc(340)] could not read dos header from C:\Windows\system32\VERSION.dll
[0719/083252.890:ERROR:process_memory_win.cc(73)] ReadMemory at 0x7fefdf70000 of 64 bytes failed: Only part of a ReadProcessMemory or WriteProcessMemory request was completed. (0x12B)
[0719/083252.890:WARNING:pe_image_reader.cc(340)] could not read dos header from C:\Windows\system32\msvcrt.dll
[0719/083252.890:ERROR:process_memory_win.cc(73)] ReadMemory at 0x7fefe750000 of 64 bytes failed: Only part of a ReadProcessMemory or WriteProcessMemory request was completed. (0x12B)
[0719/083252.890:WARNING:pe_image_reader.cc(340)] could not read dos header from C:\Windows\system32\SHELL32.dll
[0719/083252.890:ERROR:process_memory_win.cc(73)] ReadMemory at 0x7fefd960000 of 64 bytes failed: Only part of a ReadProcessMemory or WriteProcessMemory request was completed. (0x12B)
[0719/083252.890:WARNING:pe_image_reader.cc(340)] could not read dos header from C:\Windows\system32\SHLWAPI.dll
[0719/083252.890:ERROR:process_memory_win.cc(73)] ReadMemory at 0x7fefd7f0000 of 64 bytes failed: Only part of a ReadProcessMemory or WriteProcessMemory request was completed. (0x12B)
[0719/083252.890:WARNING:pe_image_reader.cc(340)] could not read dos header from C:\Windows\system32\GDI32.dll
[0719/083252.890:ERROR:process_memory_win.cc(73)] ReadMemory at 0x772b0000 of 64 bytes failed: Only part of a ReadProcessMemory or WriteProcessMemory request was completed. (0x12B)
[0719/083252.890:WARNING:pe_image_reader.cc(340)] could not read dos header from C:\Windows\system32\USER32.dll
[0719/083252.890:ERROR:process_memory_win.cc(73)] ReadMemory at 0x7fefd7e0000 of 64 bytes failed: Only part of a ReadProcessMemory or WriteProcessMemory request was completed. (0x12B)
[0719/083252.890:WARNING:pe_image_reader.cc(340)] could not read dos header from C:\Windows\system32\LPK.dll
[0719/083252.890:ERROR:process_memory_win.cc(73)] ReadMemory at 0x7fefe680000 of 64 bytes failed: Only part of a ReadProcessMemory or WriteProcessMemory request was completed. (0x12B)
[0719/083252.890:WARNING:pe_image_reader.cc(340)] could not read dos header from C:\Windows\system32\USP10.dll
[0719/083252.890:ERROR:process_memory_win.cc(73)] ReadMemory at 0x7fefe210000 of 64 bytes failed: Only part of a ReadProcessMemory or WriteProcessMemory request was completed. (0x12B)
[0719/083252.890:WARNING:pe_image_reader.cc(340)] could not read dos header from C:\Windows\system32\ADVAPI32.dll
[0719/083252.890:ERROR:process_memory_win.cc(73)] ReadMemory at 0x7fefd860000 of 64 bytes failed: Only part of a ReadProcessMemory or WriteProcessMemory request was completed. (0x12B)
[0719/083252.890:WARNING:pe_image_reader.cc(340)] could not read dos header from C:\Windows\SYSTEM32\sechost.dll
[0719/083252.890:ERROR:process_memory_win.cc(73)] ReadMemory at 0x7fefe2f0000 of 64 bytes failed: Only part of a ReadProcessMemory or WriteProcessMemory request was completed. (0x12B)
[0719/083252.890:WARNING:pe_image_reader.cc(340)] could not read dos header from C:\Windows\system32\RPCRT4.dll
[0719/083252.890:ERROR:process_memory_win.cc(73)] ReadMemory at 0x7fef9fe0000 of 64 bytes failed: Only part of a ReadProcessMemory or WriteProcessMemory request was completed. (0x12B)
[0719/083252.890:WARNING:pe_image_reader.cc(340)] could not read dos header from C:\Windows\system32\WINMM.dll
[0719/083252.890:ERROR:process_memory_win.cc(73)] ReadMemory at 0x7fefc710000 of 64 bytes failed: Only part of a ReadProcessMemory or WriteProcessMemory request was completed. (0x12B)
[0719/083252.890:WARNING:pe_image_reader.cc(340)] could not read dos header from C:\Windows\system32\USERENV.dll
[0719/083252.890:ERROR:process_memory_win.cc(73)] ReadMemory at 0x7fefd3d0000 of 64 bytes failed: Only part of a ReadProcessMemory or WriteProcessMemory request was completed. (0x12B)
[0719/083252.890:WARNING:pe_image_reader.cc(340)] could not read dos header from C:\Windows\system32\profapi.dll
[0719/083252.890:ERROR:process_memory_win.cc(73)] ReadMemory at 0x7fef76b0000 of 64 bytes failed: Only part of a ReadProcessMemory or WriteProcessMemory request was completed. (0x12B)
[0719/083252.890:WARNING:pe_image_reader.cc(340)] could not read dos header from C:\Windows\system32\api-ms-win-core-synch-l1-2-0.DLL
[0719/083252.890:ERROR:process_memory_win.cc(73)] ReadMemory at 0x7fefdaa0000 of 64 bytes failed: Only part of a ReadProcessMemory or WriteProcessMemory request was completed. (0x12B)
[0719/083252.890:WARNING:pe_image_reader.cc(340)] could not read dos header from C:\Windows\system32\IMM32.DLL
[0719/083252.890:ERROR:process_memory_win.cc(73)] ReadMemory at 0x7fefdad0000 of 64 bytes failed: Only part of a ReadProcessMemory or WriteProcessMemory request was completed. (0x12B)
[0719/083252.890:WARNING:pe_image_reader.cc(340)] could not read dos header from C:\Windows\system32\MSCTF.dll
[0719/083252.890:ERROR:process_memory_win.cc(73)] ReadMemory at 0x7fee45a0000 of 64 bytes failed: Only part of a ReadProcessMemory or WriteProcessMemory request was completed. (0x12B)
[0719/083252.890:WARNING:pe_image_reader.cc(340)] could not read dos header from C:\Program Files (x86)\Google\Chrome\Application\73.0.3683.103\chrome_child.dll
[0719/083252.890:ERROR:process_memory_win.cc(73)] ReadMemory at 0x7fefdd10000 of 64 bytes failed: Only part of a ReadProcessMemory or WriteProcessMemory request was completed. (0x12B)
[0719/083252.890:WARNING:pe_image_reader.cc(340)] could not read dos header from C:\Windows\system32\WS2_32.dll
[0719/083252.890:ERROR:process_memory_win.cc(73)] ReadMemory at 0x7fefe010000 of 64 bytes failed: Only part of a ReadProcessMemory or WriteProcessMemory request was completed. (0x12B)
[0719/083252.890:WARNING:pe_image_reader.cc(340)] could not read dos header from C:\Windows\system32\NSI.dll
[0719/083252.890:ERROR:process_memory_win.cc(73)] ReadMemory at 0x7fefae60000 of 64 bytes failed: Only part of a ReadProcessMemory or WriteProcessMemory request was completed. (0x12B)
[0719/083252.890:WARNING:pe_image_reader.cc(340)] could not read dos header from C:\Windows\system32\IPHLPAPI.DLL
[0719/083252.890:ERROR:process_memory_win.cc(73)] ReadMemory at 0x7fefae50000 of 64 bytes failed: Only part of a ReadProcessMemory or WriteProcessMemory request was completed. (0x12B)
[0719/083252.890:WARNING:pe_image_reader.cc(340)] could not read dos header from C:\Windows\system32\WINNSI.DLL
[0719/083252.890:ERROR:process_memory_win.cc(73)] ReadMemory at 0x7fefdd60000 of 64 bytes failed: Only part of a ReadProcessMemory or WriteProcessMemory request was completed. (0x12B)
[0719/083252.890:WARNING:pe_image_reader.cc(340)] could not read dos header from C:\Windows\system32\ole32.dll
[0719/083252.890:ERROR:process_memory_win.cc(73)] ReadMemory at 0x7fefd880000 of 64 bytes failed: Only part of a ReadProcessMemory or WriteProcessMemory request was completed. (0x12B)
[0719/083252.890:WARNING:pe_image_reader.cc(340)] could not read dos header from C:\Windows\system32\OLEAUT32.dll
[0719/083252.890:ERROR:process_memory_win.cc(73)] ReadMemory at 0x7fef4bc0000 of 64 bytes failed: Only part of a ReadProcessMemory or WriteProcessMemory request was completed. (0x12B)
[0719/083252.890:WARNING:pe_image_reader.cc(340)] could not read dos header from C:\Windows\system32\OLEACC.dll
[0719/083252.890:ERROR:process_memory_win.cc(73)] ReadMemory at 0x7fefd480000 of 64 bytes failed: Only part of a ReadProcessMemory or WriteProcessMemory request was completed. (0x12B)
[0719/083252.890:WARNING:pe_image_reader.cc(340)] could not read dos header from C:\Windows\system32\WINTRUST.dll
[0719/083252.890:ERROR:process_memory_win.cc(73)] ReadMemory at 0x7fefd5b0000 of 64 bytes failed: Only part of a ReadProcessMemory or WriteProcessMemory request was completed. (0x12B)
[0719/083252.890:WARNING:pe_image_reader.cc(340)] could not read dos header from C:\Windows\system32\CRYPT32.dll
[0719/083252.890:ERROR:process_memory_win.cc(73)] ReadMemory at 0x7fefd470000 of 64 bytes failed: Only part of a ReadProcessMemory or WriteProcessMemory request was completed. (0x12B)
[0719/083252.890:WARNING:pe_image_reader.cc(340)] could not read dos header from C:\Windows\system32\MSASN1.dll
[0719/083252.890:ERROR:process_memory_win.cc(73)] ReadMemory at 0x7fef1b50000 of 64 bytes failed: Only part of a ReadProcessMemory or WriteProcessMemory request was completed. (0x12B)
[0719/083252.890:WARNING:pe_image_reader.cc(340)] could not read dos header from C:\Windows\system32\DWrite.dll
[0719/083252.890:ERROR:process_memory_win.cc(73)] ReadMemory at 0x7fef8b90000 of 64 bytes failed: Only part of a ReadProcessMemory or WriteProcessMemory request was completed. (0x12B)
[0719/083252.890:WARNING:pe_image_reader.cc(340)] could not read dos header from C:\Windows\system32\dxgi.dll
[0719/083252.890:ERROR:process_memory_win.cc(73)] ReadMemory at 0x7fefb470000 of 64 bytes failed: Only part of a ReadProcessMemory or WriteProcessMemory request was completed. (0x12B)
[0719/083252.890:WARNING:pe_image_reader.cc(340)] could not read dos header from C:\Windows\system32\dwmapi.dll
[0719/083252.890:ERROR:process_memory_win.cc(73)] ReadMemory at 0x7fef93a0000 of 64 bytes failed: Only part of a ReadProcessMemory or WriteProcessMemory request was completed. (0x12B)
[0719/083252.890:WARNING:pe_image_reader.cc(340)] could not read dos header from C:\Windows\system32\WINSPOOL.DRV
[0719/083252.890:ERROR:process_memory_win.cc(73)] ReadMemory at 0x7fef7560000 of 64 bytes failed: Only part of a ReadProcessMemory or WriteProcessMemory request was completed. (0x12B)
[0719/083252.890:WARNING:pe_image_reader.cc(340)] could not read dos header from C:\Windows\system32\dbghelp.dll
[0719/083252.890:ERROR:process_memory_win.cc(73)] ReadMemory at 0x7fefd9e0000 of 64 bytes failed: Only part of a ReadProcessMemory or WriteProcessMemory request was completed. (0x12B)
[0719/083252.890:WARNING:pe_image_reader.cc(340)] could not read dos header from C:\Windows\system32\COMDLG32.dll
[0719/083252.890:ERROR:process_memory_win.cc(73)] ReadMemory at 0x7fefbbe0000 of 64 bytes failed: Only part of a ReadProcessMemory or WriteProcessMemory request was completed. (0x12B)
[0719/083252.890:WARNING:pe_image_reader.cc(340)] could not read dos header from C:\Windows\WinSxS\amd64_microsoft.windows.common-controls_6595b64144ccf1df_6.0.7601.18837_none_fa3b1e3d17594757\COMCTL32.dll
[0719/083252.890:ERROR:process_memory_win.cc(73)] ReadMemory at 0x7fef9a50000 of 64 bytes failed: Only part of a ReadProcessMemory or WriteProcessMemory request was completed. (0x12B)
[0719/083252.890:WARNING:pe_image_reader.cc(340)] could not read dos header from C:\Windows\system32\WINHTTP.dll
[0719/083252.890:ERROR:process_memory_win.cc(73)] ReadMemory at 0x7fef98b0000 of 64 bytes failed: Only part of a ReadProcessMemory or WriteProcessMemory request was completed. (0x12B)
[0719/083252.890:WARNING:pe_image_reader.cc(340)] could not read dos header from C:\Windows\system32\webio.dll
[0719/083252.890:ERROR:process_memory_win.cc(73)] ReadMemory at 0x7fefe080000 of 64 bytes failed: Only part of a ReadProcessMemory or WriteProcessMemory request was completed. (0x12B)
[0719/083252.890:WARNING:pe_image_reader.cc(340)] could not read dos header from C:\Windows\system32\urlmon.dll
[0719/083252.890:ERROR:process_memory_win.cc(73)] ReadMemory at 0x7fefd4c0000 of 64 bytes failed: Only part of a ReadProcessMemory or WriteProcessMemory request was completed. (0x12B)
[0719/083252.890:WARNING:pe_image_reader.cc(340)] could not read dos header from C:\Windows\system32\XmlLite.dll
[0719/083252.890:ERROR:process_memory_win.cc(73)] ReadMemory at 0x7fefdbe0000 of 64 bytes failed: Only part of a ReadProcessMemory or WriteProcessMemory request was completed. (0x12B)
[0719/083252.890:WARNING:pe_image_reader.cc(340)] could not read dos header from C:\Windows\system32\WININET.dll
[0719/083252.890:ERROR:process_memory_win.cc(73)] ReadMemory at 0x7fefe420000 of 64 bytes failed: Only part of a ReadProcessMemory or WriteProcessMemory request was completed. (0x12B)
[0719/083252.890:WARNING:pe_image_reader.cc(340)] could not read dos header from C:\Windows\system32\iertutil.dll
[0719/083252.890:ERROR:process_memory_win.cc(73)] ReadMemory at 0x7fefd240000 of 64 bytes failed: Only part of a ReadProcessMemory or WriteProcessMemory request was completed. (0x12B)
[0719/083252.890:WARNING:pe_image_reader.cc(340)] could not read dos header from C:\Windows\system32\Secur32.dll
[0719/083252.890:ERROR:process_memory_win.cc(73)] ReadMemory at 0x7fefd270000 of 64 bytes failed: Only part of a ReadProcessMemory or WriteProcessMemory request was completed. (0x12B)
[0719/083252.890:WARNING:pe_image_reader.cc(340)] could not read dos header from C:\Windows\system32\SSPICLI.DLL
[0719/083252.890:ERROR:process_memory_win.cc(73)] ReadMemory at 0x7fefa8e0000 of 64 bytes failed: Only part of a ReadProcessMemory or WriteProcessMemory request was completed. (0x12B)
[0719/083252.890:WARNING:pe_image_reader.cc(340)] could not read dos header from C:\Windows\system32\dhcpcsvc.DLL
[0719/083252.890:ERROR:process_memory_win.cc(73)] ReadMemory at 0x7fefd300000 of 64 bytes failed: Only part of a ReadProcessMemory or WriteProcessMemory request was completed. (0x12B)
[0719/083252.890:WARNING:pe_image_reader.cc(340)] could not read dos header from C:\Windows\system32\cryptbase.dll
[0719/083252.890:ERROR:process_memory_win.cc(73)] ReadMemory at 0x3f9000 of 28672 bytes failed: Only part of a ReadProcessMemory or WriteProcessMemory request was completed. (0x12B)
[0719/083252.906:ERROR:process_memory_win.cc(73)] ReadMemory at 0x2b4e000 of 8192 bytes failed: Only part of a ReadProcessMemory or WriteProcessMemory request was completed. (0x12B)
[0719/083252.906:ERROR:process_memory_win.cc(73)] ReadMemory at 0x2e0d000 of 12288 bytes failed: Only part of a ReadProcessMemory or WriteProcessMemory request was completed. (0x12B)
[0719/083252.906:ERROR:process_memory_win.cc(73)] ReadMemory at 0x300d000 of 12288 bytes failed: Only part of a ReadProcessMemory or WriteProcessMemory request was completed. (0x12B)
[0719/083252.906:ERROR:process_memory_win.cc(73)] ReadMemory at 0x333e000 of 8192 bytes failed: Only part of a ReadProcessMemory or WriteProcessMemory request was completed. (0x12B)
[0719/083252.906:ERROR:process_memory_win.cc(73)] ReadMemory at 0x7d5aa of 512 bytes failed: Only part of a ReadProcessMemory or WriteProcessMemory request was completed. (0x12B)
[0719/083252.906:ERROR:process_memory_win.cc(73)] ReadMemory at 0xa1320 of 3196 bytes failed: Only part of a ReadProcessMemory or WriteProcessMemory request was completed. (0x12B)
[0719/083252.906:ERROR:process_memory_win.cc(73)] ReadMemory at 0xa1fb0 of 1012 bytes failed: Only part of a ReadProcessMemory or WriteProcessMemory request was completed. (0x12B)
[0719/083252.906:ERROR:process_memory_win.cc(73)] ReadMemory at 0xa25b8 of 510 bytes failed: Only part of a ReadProcessMemory or WriteProcessMemory request was completed. (0x12B)
[0719/083252.906:ERROR:process_memory_win.cc(73)] ReadMemory at 0xa27b8 of 118 bytes failed: Only part of a ReadProcessMemory or WriteProcessMemory request was completed. (0x12B)
[0719/083252.906:ERROR:process_memory_win.cc(73)] ReadMemory at 0xa2830 of 998 bytes failed: Only part of a ReadProcessMemory or WriteProcessMemory request was completed. (0x12B)
[0719/083252.906:ERROR:process_memory_win.cc(73)] ReadMemory at 0xa2c18 of 118 bytes failed: Only part of a ReadProcessMemory or WriteProcessMemory request was completed. (0x12B)
[0719/083252.906:ERROR:process_memory_win.cc(73)] ReadMemory at 0xa2c90 of 94 bytes failed: Only part of a ReadProcessMemory or WriteProcessMemory request was completed. (0x12B)
[0719/083252.906:ERROR:process_memory_win.cc(73)] ReadMemory at 0xa2d00 of 58 bytes failed: Only part of a ReadProcessMemory or WriteProcessMemory request was completed. (0x12B)
[0719/083252.906:ERROR:process_memory_win.cc(73)] ReadMemory at 0xa2d90 of 132 bytes failed: Only part of a ReadProcessMemory or WriteProcessMemory request was completed. (0x12B)
[0719/083252.906:ERROR:process_memory_win.cc(73)] ReadMemory at 0xa2e80 of 132 bytes failed: Only part of a ReadProcessMemory or WriteProcessMemory request was completed. (0x12B)
[0719/083252.906:ERROR:process_memory_win.cc(73)] ReadMemory at 0xa2f98 of 126 bytes failed: Only part of a ReadProcessMemory or WriteProcessMemory request was completed. (0x12B)
[0719/083252.906:ERROR:process_memory_win.cc(73)] ReadMemory at 0xa3280 of 64 bytes failed: Only part of a ReadProcessMemory or WriteProcessMemory request was completed. (0x12B)
[0719/083252.906:ERROR:process_memory_win.cc(73)] ReadMemory at 0xa32d0 of 132 bytes failed: Only part of a ReadProcessMemory or WriteProcessMemory request was completed. (0x12B)
[0719/083252.906:ERROR:process_memory_win.cc(73)] ReadMemory at 0xa33f0 of 68 bytes failed: Only part of a ReadProcessMemory or WriteProcessMemory request was completed. (0x12B)
[0719/083252.906:ERROR:process_memory_win.cc(73)] ReadMemory at 0xa3440 of 132 bytes failed: Only part of a ReadProcessMemory or WriteProcessMemory request was completed. (0x12B)
[0719/083252.906:ERROR:process_memory_win.cc(73)] ReadMemory at 0xa4620 of 154 bytes failed: Only part of a ReadProcessMemory or WriteProcessMemory request was completed. (0x12B)
[0719/083252.906:ERROR:process_memory_win.cc(73)] ReadMemory at 0xa46d0 of 132 bytes failed: Only part of a ReadProcessMemory or WriteProcessMemory request was completed. (0x12B)
[0719/083252.906:ERROR:process_memory_win.cc(73)] ReadMemory at 0xa4e50 of 60 bytes failed: Only part of a ReadProcessMemory or WriteProcessMemory request was completed. (0x12B)
[0719/083252.906:ERROR:process_memory_win.cc(73)] ReadMemory at 0xa4ea0 of 132 bytes failed: Only part of a ReadProcessMemory or WriteProcessMemory request was completed. (0x12B)
[0719/083252.906:ERROR:process_memory_win.cc(73)] ReadMemory at 0xa50e0 of 62 bytes failed: Only part of a ReadProcessMemory or WriteProcessMemory request was completed. (0x12B)
[0719/083252.906:ERROR:process_memory_win.cc(73)] ReadMemory at 0xa5130 of 132 bytes failed: Only part of a ReadProcessMemory or WriteProcessMemory request was completed. (0x12B)
[0719/083252.906:ERROR:process_memory_win.cc(73)] ReadMemory at 0xa52a0 of 62 bytes failed: Only part of a ReadProcessMemory or WriteProcessMemory request was completed. (0x12B)
[0719/083252.906:ERROR:process_memory_win.cc(73)] ReadMemory at 0xa52f0 of 132 bytes failed: Only part of a ReadProcessMemory or WriteProcessMemory request was completed. (0x12B)
[0719/083252.906:ERROR:process_memory_win.cc(73)] ReadMemory at 0xc7250 of 62 bytes failed: Only part of a ReadProcessMemory or WriteProcessMemory request was completed. (0x12B)
[0719/083252.906:ERROR:process_memory_win.cc(73)] ReadMemory at 0xc7eb0 of 132 bytes failed: Only part of a ReadProcessMemory or WriteProcessMemory request was completed. (0x12B)
[0719/083252.906:ERROR:process_memory_win.cc(73)] ReadMemory at 0xc7fa0 of 58 bytes failed: Only part of a ReadProcessMemory or WriteProcessMemory request was completed. (0x12B)
[0719/083252.906:ERROR:process_memory_win.cc(73)] ReadMemory at 0xc7ff0 of 132 bytes failed: Only part of a ReadProcessMemory or WriteProcessMemory request was completed. (0x12B)
[0719/083252.906:ERROR:process_memory_win.cc(73)] ReadMemory at 0xc80e0 of 60 bytes failed: Only part of a ReadProcessMemory or WriteProcessMemory request was completed. (0x12B)
[0719/083252.906:ERROR:process_memory_win.cc(73)] ReadMemory at 0xc8130 of 132 bytes failed: Only part of a ReadProcessMemory or WriteProcessMemory request was completed. (0x12B)
[0719/083252.906:ERROR:process_memory_win.cc(73)] ReadMemory at 0xc8220 of 54 bytes failed: Only part of a ReadProcessMemory or WriteProcessMemory request was completed. (0x12B)
[0719/083252.906:ERROR:process_memory_win.cc(73)] ReadMemory at 0xc8260 of 132 bytes failed: Only part of a ReadProcessMemory or WriteProcessMemory request was completed. (0x12B)
[0719/083252.906:ERROR:process_memory_win.cc(73)] ReadMemory at 0xc8350 of 58 bytes failed: Only part of a ReadProcessMemory or WriteProcessMemory request was completed. (0x12B)
[0719/083252.906:ERROR:process_memory_win.cc(73)] ReadMemory at 0xc83a0 of 132 bytes failed: Only part of a ReadProcessMemory or WriteProcessMemory request was completed. (0x12B)
[0719/083252.906:ERROR:process_memory_win.cc(73)] ReadMemory at 0xc84c0 of 64 bytes failed: Only part of a ReadProcessMemory or WriteProcessMemory request was completed. (0x12B)
[0719/083252.906:ERROR:process_memory_win.cc(73)] ReadMemory at 0xc8510 of 62 bytes failed: Only part of a ReadProcessMemory or WriteProcessMemory request was completed. (0x12B)
[0719/083252.906:ERROR:process_memory_win.cc(73)] ReadMemory at 0xc8560 of 60 bytes failed: Only part of a ReadProcessMemory or WriteProcessMemory request was completed. (0x12B)
[0719/083252.906:ERROR:process_memory_win.cc(73)] ReadMemory at 0xc85b0 of 58 bytes failed: Only part of a ReadProcessMemory or WriteProcessMemory request was completed. (0x12B)
[0719/083252.906:ERROR:process_memory_win.cc(73)] ReadMemory at 0xc8600 of 62 bytes failed: Only part of a ReadProcessMemory or WriteProcessMemory request was completed. (0x12B)
[0719/083252.906:ERROR:process_memory_win.cc(73)] ReadMemory at 0xc8650 of 62 bytes failed: Only part of a ReadProcessMemory or WriteProcessMemory request was completed. (0x12B)
[0719/083252.906:ERROR:process_memory_win.cc(73)] ReadMemory at 0xc86a0 of 58 bytes failed: Only part of a ReadProcessMemory or WriteProcessMemory request was completed. (0x12B)
[0719/083252.906:ERROR:process_memory_win.cc(73)] ReadMemory at 0xc86f0 of 58 bytes failed: Only part of a ReadProcessMemory or WriteProcessMemory request was completed. (0x12B)
[0719/083252.906:ERROR:process_memory_win.cc(73)] ReadMemory at 0xc8740 of 60 bytes failed: Only part of a ReadProcessMemory or WriteProcessMemory request was completed. (0x12B)
[0719/083252.906:ERROR:process_memory_win.cc(73)] ReadMemory at 0xc8790 of 64 bytes failed: Only part of a ReadProcessMemory or WriteProcessMemory request was completed. (0x12B)
[0719/083252.906:ERROR:process_memory_win.cc(73)] ReadMemory at 0xc87e0 of 60 bytes failed: Only part of a ReadProcessMemory or WriteProcessMemory request was completed. (0x12B)
[0719/083252.906:ERROR:process_memory_win.cc(73)] ReadMemory at 0xc8830 of 58 bytes failed: Only part of a ReadProcessMemory or WriteProcessMemory request was completed. (0x12B)
[0719/083252.906:ERROR:process_memory_win.cc(73)] ReadMemory at 0xc8880 of 64 bytes failed: Only part of a ReadProcessMemory or WriteProcessMemory request was completed. (0x12B)
[0719/083252.906:ERROR:process_memory_win.cc(73)] ReadMemory at 0xc88d0 of 60 bytes failed: Only part of a ReadProcessMemory or WriteProcessMemory request was completed. (0x12B)
[0719/083252.906:ERROR:process_memory_win.cc(73)] ReadMemory at 0xc8920 of 64 bytes failed: Only part of a ReadProcessMemory or WriteProcessMemory request was completed. (0x12B)
[0719/083252.906:ERROR:process_memory_win.cc(73)] ReadMemory at 0xc8970 of 62 bytes failed: Only part of a ReadProcessMemory or WriteProcessMemory request was completed. (0x12B)
[0719/083252.906:ERROR:process_memory_win.cc(73)] ReadMemory at 0xc89c0 of 60 bytes failed: Only part of a ReadProcessMemory or WriteProcessMemory request was completed. (0x12B)
[0719/083252.906:ERROR:process_memory_win.cc(73)] ReadMemory at 0xc8a10 of 60 bytes failed: Only part of a ReadProcessMemory or WriteProcessMemory request was completed. (0x12B)
[0719/083252.906:ERROR:process_memory_win.cc(73)] ReadMemory at 0xc8a60 of 56 bytes failed: Only part of a ReadProcessMemory or WriteProcessMemory request was completed. (0x12B)
[0719/083252.906:ERROR:process_memory_win.cc(73)] ReadMemory at 0xc8ab0 of 60 bytes failed: Only part of a ReadProcessMemory or WriteProcessMemory request was completed. (0x12B)
[0719/083252.906:ERROR:process_memory_win.cc(73)] ReadMemory at 0xc8b00 of 64 bytes failed: Only part of a ReadProcessMemory or WriteProcessMemory request was completed. (0x12B)
[0719/083252.906:ERROR:process_memory_win.cc(73)] ReadMemory at 0xc8b50 of 62 bytes failed: Only part of a ReadProcessMemory or WriteProcessMemory request was completed. (0x12B)
[0719/083252.906:ERROR:process_memory_win.cc(73)] ReadMemory at 0xc8ba0 of 64 bytes failed: Only part of a ReadProcessMemory or WriteProcessMemory request was completed. (0x12B)
[0719/083252.906:ERROR:process_memory_win.cc(73)] ReadMemory at 0xc8bf0 of 62 bytes failed: Only part of a ReadProcessMemory or WriteProcessMemory request was completed. (0x12B)
[0719/083252.906:ERROR:process_memory_win.cc(73)] ReadMemory at 0xc8c40 of 58 bytes failed: Only part of a ReadProcessMemory or WriteProcessMemory request was completed. (0x12B)
[0719/083252.906:ERROR:process_memory_win.cc(73)] ReadMemory at 0xc8c90 of 60 bytes failed: Only part of a ReadProcessMemory or WriteProcessMemory request was completed. (0x12B)
[0719/083252.906:ERROR:process_memory_win.cc(73)] ReadMemory at 0xc8ce0 of 62 bytes failed: Only part of a ReadProcessMemory or WriteProcessMemory request was completed. (0x12B)
[0719/083252.906:ERROR:process_memory_win.cc(73)] ReadMemory at 0xc8d30 of 62 bytes failed: Only part of a ReadProcessMemory or WriteProcessMemory request was completed. (0x12B)
[0719/083252.906:ERROR:process_memory_win.cc(73)] ReadMemory at 0xc8d80 of 64 bytes failed: Only part of a ReadProcessMemory or WriteProcessMemory request was completed. (0x12B)
[0719/083252.906:ERROR:process_memory_win.cc(73)] ReadMemory at 0xc8dd0 of 62 bytes failed: Only part of a ReadProcessMemory or WriteProcessMemory request was completed. (0x12B)
[0719/083252.906:ERROR:process_memory_win.cc(73)] ReadMemory at 0xc8e20 of 62 bytes failed: Only part of a ReadProcessMemory or WriteProcessMemory request was completed. (0x12B)
[0719/083252.906:ERROR:process_memory_win.cc(73)] ReadMemory at 0xc8e70 of 64 bytes failed: Only part of a ReadProcessMemory or WriteProcessMemory request was completed. (0x12B)
[0719/083252.906:ERROR:process_memory_win.cc(73)] ReadMemory at 0xc9490 of 132 bytes failed: Only part of a ReadProcessMemory or WriteProcessMemory request was completed. (0x12B)
[0719/083252.906:ERROR:process_memory_win.cc(73)] ReadMemory at 0xc9580 of 132 bytes failed: Only part of a ReadProcessMemory or WriteProcessMemory request was completed. (0x12B)
[0719/083252.906:ERROR:process_memory_win.cc(73)] ReadMemory at 0xc9670 of 132 bytes failed: Only part of a ReadProcessMemory or WriteProcessMemory request was completed. (0x12B)
[0719/083252.906:ERROR:process_memory_win.cc(73)] ReadMemory at 0xc97b0 of 132 bytes failed: Only part of a ReadProcessMemory or WriteProcessMemory request was completed. (0x12B)
[0719/083252.906:ERROR:process_memory_win.cc(73)] ReadMemory at 0xca1a0 of 104 bytes failed: Only part of a ReadProcessMemory or WriteProcessMemory request was completed. (0x12B)
[0719/083252.906:ERROR:process_memory_win.cc(73)] ReadMemory at 0xca390 of 132 bytes failed: Only part of a ReadProcessMemory or WriteProcessMemory request was completed. (0x12B)
[0719/083252.906:ERROR:process_memory_win.cc(73)] ReadMemory at 0xca480 of 132 bytes failed: Only part of a ReadProcessMemory or WriteProcessMemory request was completed. (0x12B)
[0719/083252.906:ERROR:process_memory_win.cc(73)] ReadMemory at 0xca570 of 132 bytes failed: Only part of a ReadProcessMemory or WriteProcessMemory request was completed. (0x12B)
[0719/083252.906:ERROR:process_memory_win.cc(73)] ReadMemory at 0xca660 of 132 bytes failed: Only part of a ReadProcessMemory or WriteProcessMemory request was completed. (0x12B)
[0719/083252.906:ERROR:process_memory_win.cc(73)] ReadMemory at 0xca750 of 132 bytes failed: Only part of a ReadProcessMemory or WriteProcessMemory request was completed. (0x12B)
[0719/083252.906:ERROR:process_memory_win.cc(73)] ReadMemory at 0xca840 of 132 bytes failed: Only part of a ReadProcessMemory or WriteProcessMemory request was completed. (0x12B)
[0719/083252.906:ERROR:process_memory_win.cc(73)] ReadMemory at 0xca930 of 132 bytes failed: Only part of a ReadProcessMemory or WriteProcessMemory request was completed. (0x12B)
[0719/083252.906:ERROR:process_memory_win.cc(73)] ReadMemory at 0xcaa20 of 132 bytes failed: Only part of a ReadProcessMemory or WriteProcessMemory request was completed. (0x12B)
[0719/083252.906:ERROR:process_memory_win.cc(73)] ReadMemory at 0xcab10 of 132 bytes failed: Only part of a ReadProcessMemory or WriteProcessMemory request was completed. (0x12B)
[0719/083252.906:ERROR:process_memory_win.cc(73)] ReadMemory at 0xcac00 of 132 bytes failed: Only part of a ReadProcessMemory or WriteProcessMemory request was completed. (0x12B)
[0719/083252.906:ERROR:process_memory_win.cc(73)] ReadMemory at 0xcacf0 of 132 bytes failed: Only part of a ReadProcessMemory or WriteProcessMemory request was completed. (0x12B)
[0719/083252.906:ERROR:process_memory_win.cc(73)] ReadMemory at 0xcade0 of 132 bytes failed: Only part of a ReadProcessMemory or WriteProcessMemory request was completed. (0x12B)
[0719/083252.906:ERROR:process_memory_win.cc(73)] ReadMemory at 0xcaed0 of 132 bytes failed: Only part of a ReadProcessMemory or WriteProcessMemory request was completed. (0x12B)
[0719/083252.906:ERROR:process_memory_win.cc(73)] ReadMemory at 0xcafc0 of 132 bytes failed: Only part of a ReadProcessMemory or WriteProcessMemory request was completed. (0x12B)
[0719/083252.906:ERROR:process_memory_win.cc(73)] ReadMemory at 0xcb0b0 of 132 bytes failed: Only part of a ReadProcessMemory or WriteProcessMemory request was completed. (0x12B)
[0719/083252.906:ERROR:process_memory_win.cc(73)] ReadMemory at 0xcb1a0 of 132 bytes failed: Only part of a ReadProcessMemory or WriteProcessMemory request was completed. (0x12B)
[0719/083252.906:ERROR:process_memory_win.cc(73)] ReadMemory at 0xcb290 of 132 bytes failed: Only part of a ReadProcessMemory or WriteProcessMemory request was completed. (0x12B)
[0719/083252.906:ERROR:process_memory_win.cc(73)] ReadMemory at 0xcb380 of 132 bytes failed: Only part of a ReadProcessMemory or WriteProcessMemory request was completed. (0x12B)
[0719/083252.906:ERROR:process_memory_win.cc(73)] ReadMemory at 0xcb470 of 132 bytes failed: Only part of a ReadProcessMemory or WriteProcessMemory request was completed. (0x12B)
[0719/083252.906:ERROR:process_memory_win.cc(73)] ReadMemory at 0xcb560 of 132 bytes failed: Only part of a ReadProcessMemory or WriteProcessMemory request was completed. (0x12B)
[0719/083252.906:ERROR:process_memory_win.cc(73)] ReadMemory at 0xcb650 of 132 bytes failed: Only part of a ReadProcessMemory or WriteProcessMemory request was completed. (0x12B)
[0719/083252.906:ERROR:process_memory_win.cc(73)] ReadMemory at 0xcb740 of 132 bytes failed: Only part of a ReadProcessMemory or WriteProcessMemory request was completed. (0x12B)
[0719/083252.906:ERROR:process_memory_win.cc(73)] ReadMemory at 0xcb830 of 132 bytes failed: Only part of a ReadProcessMemory or WriteProcessMemory request was completed. (0x12B)
[0719/083252.906:ERROR:process_memory_win.cc(73)] ReadMemory at 0xcb920 of 132 bytes failed: Only part of a ReadProcessMemory or WriteProcessMemory request was completed. (0x12B)
[0719/083252.906:ERROR:process_memory_win.cc(73)] ReadMemory at 0xcba10 of 132 bytes failed: Only part of a ReadProcessMemory or WriteProcessMemory request was completed. (0x12B)
[0719/083252.906:ERROR:process_memory_win.cc(73)] ReadMemory at 0xcbb00 of 132 bytes failed: Only part of a ReadProcessMemory or WriteProcessMemory request was completed. (0x12B)
[0719/083252.906:ERROR:process_memory_win.cc(73)] ReadMemory at 0xcbbf0 of 132 bytes failed: Only part of a ReadProcessMemory or WriteProcessMemory request was completed. (0x12B)
[0719/083252.906:ERROR:process_memory_win.cc(73)] ReadMemory at 0xcbce0 of 132 bytes failed: Only part of a ReadProcessMemory or WriteProcessMemory request was completed. (0x12B)
[0719/083252.906:ERROR:process_memory_win.cc(73)] ReadMemory at 0xcbdd0 of 132 bytes failed: Only part of a ReadProcessMemory or WriteProcessMemory request was completed. (0x12B)
[0719/083252.906:ERROR:process_memory_win.cc(73)] ReadMemory at 0xcbec0 of 132 bytes failed: Only part of a ReadProcessMemory or WriteProcessMemory request was completed. (0x12B)
[0719/083252.906:ERROR:process_memory_win.cc(73)] ReadMemory at 0xcbfb0 of 132 bytes failed: Only part of a ReadProcessMemory or WriteProcessMemory request was completed. (0x12B)
[0719/083252.906:ERROR:process_memory_win.cc(73)] ReadMemory at 0xcc0a0 of 132 bytes failed: Only part of a ReadProcessMemory or WriteProcessMemory request was completed. (0x12B)
[0719/083252.906:ERROR:process_memory_win.cc(73)] ReadMemory at 0xd4250 of 54 bytes failed: Only part of a ReadProcessMemory or WriteProcessMemory request was completed. (0x12B)
[0719/083252.906:ERROR:process_memory_win.cc(73)] ReadMemory at 0xd5610 of 158 bytes failed: Only part of a ReadProcessMemory or WriteProcessMemory request was completed. (0x12B)
[0719/083252.906:ERROR:process_memory_win.cc(73)] ReadMemory at 0xd7200 of 248 bytes failed: Only part of a ReadProcessMemory or WriteProcessMemory request was completed. (0x12B)
[0719/083252.906:ERROR:process_memory_win.cc(73)] ReadMemory at 0xd602b0 of 512 bytes failed: Only part of a ReadProcessMemory or WriteProcessMemory request was completed. (0x12B)
[0719/083252.906:ERROR:process_memory_win.cc(73)] ReadMemory at 0xd66090 of 512 bytes failed: Only part of a ReadProcessMemory or WriteProcessMemory request was completed. (0x12B)
[0719/083252.906:ERROR:process_memory_win.cc(73)] ReadMemory at 0xd6ac40 of 512 bytes failed: Only part of a ReadProcessMemory or WriteProcessMemory request was completed. (0x12B)
[0719/083252.906:ERROR:process_memory_win.cc(73)] ReadMemory at 0x1c9c300 of 512 bytes failed: Only part of a ReadProcessMemory or WriteProcessMemory request was completed. (0x12B)
[0719/083252.906:ERROR:process_memory_win.cc(73)] ReadMemory at 0x3011d2f of 513 bytes failed: Only part of a ReadProcessMemory or WriteProcessMemory request was completed. (0x12B)
[0719/083252.906:ERROR:process_memory_win.cc(73)] ReadMemory at 0x3013110 of 512 bytes failed: Only part of a ReadProcessMemory or WriteProcessMemory request was completed. (0x12B)
[0719/083252.906:ERROR:process_memory_win.cc(73)] ReadMemory at 0x3019058 of 512 bytes failed: Only part of a ReadProcessMemory or WriteProcessMemory request was completed. (0x12B)
[0719/083252.906:ERROR:process_memory_win.cc(73)] ReadMemory at 0x30f56d0 of 512 bytes failed: Only part of a ReadProcessMemory or WriteProcessMemory request was completed. (0x12B)
[0719/083252.906:ERROR:process_memory_win.cc(73)] ReadMemory at 0x774bb2a8 of 512 bytes failed: Only part of a ReadProcessMemory or WriteProcessMemory request was completed. (0x12B)
[0719/083252.906:ERROR:process_memory_win.cc(73)] ReadMemory at 0x774f7fd0 of 512 bytes failed: Only part of a ReadProcessMemory or WriteProcessMemory request was completed. (0x12B)
[0719/083252.906:ERROR:process_memory_win.cc(73)] ReadMemory at 0x775212da of 1280 bytes failed: Only part of a ReadProcessMemory or WriteProcessMemory request was completed. (0x12B)
[0719/083252.906:ERROR:process_memory_win.cc(73)] ReadMemory at 0x775e53f8 of 18 bytes failed: Only part of a ReadProcessMemory or WriteProcessMemory request was completed. (0x12B)
[0719/083252.906:ERROR:process_memory_win.cc(73)] ReadMemory at 0x77602640 of 64 bytes failed: Only part of a ReadProcessMemory or WriteProcessMemory request was completed. (0x12B)
[0719/083252.906:ERROR:process_memory_win.cc(73)] ReadMemory at 0x77607100 of 48 bytes failed: Only part of a ReadProcessMemory or WriteProcessMemory request was completed. (0x12B)
[0719/083252.906:ERROR:process_memory_win.cc(73)] ReadMemory at 0x77607490 of 40 bytes failed: Only part of a ReadProcessMemory or WriteProcessMemory request was completed. (0x12B)
[0719/083252.906:ERROR:process_memory_win.cc(73)] ReadMemory at 0x7fee46023e5 of 512 bytes failed: Only part of a ReadProcessMemory or WriteProcessMemory request was completed. (0x12B)
[0719/083252.906:ERROR:process_memory_win.cc(73)] ReadMemory at 0x7fee46b4889 of 512 bytes failed: Only part of a ReadProcessMemory or WriteProcessMemory request was completed. (0x12B)
[0719/083252.906:ERROR:process_memory_win.cc(73)] ReadMemory at 0x7fee6667fb0 of 512 bytes failed: Only part of a ReadProcessMemory or WriteProcessMemory request was completed. (0x12B)
[0719/083252.906:ERROR:process_memory_win.cc(73)] ReadMemory at 0x7fee93f7990 of 512 bytes failed: Only part of a ReadProcessMemory or WriteProcessMemory request was completed. (0x12B)
[0719/083252.906:ERROR:process_memory_win.cc(73)] ReadMemory at 0x7fee9b45c00 of 512 bytes failed: Only part of a ReadProcessMemory or WriteProcessMemory request was completed. (0x12B)
[0719/083252.906:ERROR:process_memory_win.cc(73)] ReadMemory at 0x7fef2082a16 of 512 bytes failed: Only part of a ReadProcessMemory or WriteProcessMemory request was completed. (0x12B)
[0719/083252.906:ERROR:process_memory_win.cc(73)] ReadMemory at 0x7fffffd4000 of 852 bytes failed: Only part of a ReadProcessMemory or WriteProcessMemory request was completed. (0x12B)
[0719/083252.906:ERROR:process_memory_win.cc(73)] ReadMemory at 0x7fffffd6000 of 6024 bytes failed: Only part of a ReadProcessMemory or WriteProcessMemory request was completed. (0x12B)
[0719/083252.906:ERROR:process_memory_win.cc(73)] ReadMemory at 0x7fffffd8000 of 6024 bytes failed: Only part of a ReadProcessMemory or WriteProcessMemory request was completed. (0x12B)
[0719/083252.906:ERROR:process_memory_win.cc(73)] ReadMemory at 0x7fffffda000 of 6024 bytes failed: Only part of a ReadProcessMemory or WriteProcessMemory request was completed. (0x12B)
[0719/083252.906:ERROR:process_memory_win.cc(73)] ReadMemory at 0x7fffffdc000 of 6024 bytes failed: Only part of a ReadProcessMemory or WriteProcessMemory request was completed. (0x12B)
[0719/083252.906:ERROR:process_memory_win.cc(73)] ReadMemory at 0x7fffffde000 of 6024 bytes failed: Only part of a ReadProcessMemory or WriteProcessMemory request was completed. (0x12B)
[0719/083252.906:ERROR:scoped_process_suspend.cc(40)] NtResumeProcess: An attempt was made to access an exiting process. (0xc000010a)
[0719/083252.968:ERROR:http_transport_win.cc(276)] WinHttpSendRequest: The operation completed successfully. (0x0)
[0722/150445.798:ERROR:settings.cc(320)] Settings magic is not 1129342067
